[LOGS]
2023-06-12T01:59:14+0200 Starting weechat...
2023-06-12T01:59:14+0200 Started weechat-headless with status 0
2023-06-12T02:02:27+0200 Starting weechat...
2023-06-12T02:02:28+0200 Started weechat-headless with status 0
2023-07-12T22:49:51+0200 Killing weechat...
2023-07-12T22:49:52+0200 Killed weechat with status 0
2023-07-12T22:50:06+0200 Killing weechat...
2023-07-12T22:50:06+0200 Killed weechat with status 0
2023-07-12T23:46:41+0200 Starting weechat...
2023-07-12T23:46:41+0200 Started weechat-headless with status 0
2023-07-12T23:49:56+0200 Killing weechat...
2023-07-12T23:49:56+0200 Killed weechat with status 0
2023-07-12T23:50:07+0200 Killing weechat...
2023-07-12T23:50:07+0200 Killed weechat with status 0
2023-07-19T08:20:22+0200 Starting weechat...
2023-07-19T08:20:22+0200 Started weechat-headless with status 0
2023-07-19T09:03:12+0200 Starting weechat...
2023-07-19T09:03:12+0200 Started weechat-headless with status 0
2023-07-19T12:35:38+0200 Starting weechat...
2023-07-19T12:35:38+0200 Started weechat-headless with status 0
2023-07-20T01:29:09+0200 Killing weechat...
2023-07-20T01:29:09+0200 Killed weechat with status 0
2023-07-20T09:47:47+0200 Starting weechat...
2023-07-20T09:47:47+0200 Started weechat-headless with status 0
2023-07-22T19:57:23+0200 Killing weechat...
2023-07-22T19:57:23+0200 Killed weechat with status 0
2023-07-22T20:06:43+0200 Killing weechat...
2023-07-22T20:06:43+0200 Killed weechat with status 0
2023-07-22T20:08:05+0200 Killing weechat...
2023-07-22T20:08:05+0200 Killed weechat with status 0
2023-07-22T21:48:21+0200 Starting weechat...
2023-07-22T21:48:21+0200 Started weechat-headless with status 0
2023-07-22T22:35:34+0200 Killing weechat...
2023-07-22T22:35:34+0200 Killed weechat with status 0
